<?xml version="1.0" encoding="UTF-8"?>
<testsuite xmlns:xsi="http://www.w3.org/2001/XMLSchema-instance" xsi:noNamespaceSchemaLocation="https://maven.apache.org/surefire/maven-surefire-plugin/xsd/surefire-test-report.xsd" name="com.github.f1xman.statefun.tsukuyomi.dsl.BddTsukuyomiTest" time="3.402" tests="1" errors="0" skipped="0" failures="0">
  <properties>
    <property name="gopherProxySet" value="false"/>
    <property name="awt.toolkit" value="sun.lwawt.macosx.LWCToolkit"/>
    <property name="java.specification.version" value="11"/>
    <property name="sun.cpu.isalist" value=""/>
    <property name="sun.jnu.encoding" value="UTF-8"/>
    <property name="java.class.path" value="/Users/f1xxman/Intellias/Documents/Technology Office/SF test utility/statefun-tsukuyomi/statefun-tsukuyomi/target/test-classes:/Users/f1xxman/Intellias/Documents/Technology Office/SF test utility/statefun-tsukuyomi/statefun-tsukuyomi/target/classes:/Users/f1xxman/.m2/repository/org/projectlombok/lombok/1.18.22/lombok-1.18.22.jar:/Users/f1xxman/.m2/repository/ch/qos/logback/logback-classic/1.2.11/logback-classic-1.2.11.jar:/Users/f1xxman/.m2/repository/ch/qos/logback/logback-core/1.2.11/logback-core-1.2.11.jar:/Users/f1xxman/.m2/repository/org/slf4j/slf4j-api/1.7.32/slf4j-api-1.7.32.jar:/Users/f1xxman/.m2/repository/io/undertow/undertow-core/2.2.16.Final/undertow-core-2.2.16.Final.jar:/Users/f1xxman/.m2/repository/org/jboss/logging/jboss-logging/3.4.1.Final/jboss-logging-3.4.1.Final.jar:/Users/f1xxman/.m2/repository/org/jboss/xnio/xnio-api/3.8.6.Final/xnio-api-3.8.6.Final.jar:/Users/f1xxman/.m2/repository/org/wildfly/common/wildfly-common/1.5.4.Final/wildfly-common-1.5.4.Final.jar:/Users/f1xxman/.m2/repository/org/wildfly/client/wildfly-client-config/1.0.1.Final/wildfly-client-config-1.0.1.Final.jar:/Users/f1xxman/.m2/repository/org/jboss/xnio/xnio-nio/3.8.6.Final/xnio-nio-3.8.6.Final.jar:/Users/f1xxman/.m2/repository/org/jboss/threads/jboss-threads/3.1.0.Final/jboss-threads-3.1.0.Final.jar:/Users/f1xxman/.m2/repository/org/apache/flink/statefun-sdk-java/3.2.0/statefun-sdk-java-3.2.0.jar:/Users/f1xxman/.m2/repository/org/apache/flink/statefun-protocol-shaded/3.2.0/statefun-protocol-shaded-3.2.0.jar:/Users/f1xxman/.m2/repository/org/apache/flink/statefun-sdk-protos/3.2.0/statefun-sdk-protos-3.2.0.jar:/Users/f1xxman/.m2/repository/org/apache/flink/statefun-protobuf-shaded/3.2.0/statefun-protobuf-shaded-3.2.0.jar:/Users/f1xxman/.m2/repository/com/google/auto/service/auto-service-annotations/1.0-rc6/auto-service-annotations-1.0-rc6.jar:/Users/f1xxman/.m2/repository/org/testcontainers/testcontainers/1.16.3/testcontainers-1.16.3.jar:/Users/f1xxman/.m2/repository/junit/junit/4.13.2/junit-4.13.2.jar:/Users/f1xxman/.m2/repository/org/hamcrest/hamcrest-core/1.3/hamcrest-core-1.3.jar:/Users/f1xxman/.m2/repository/org/apache/commons/commons-compress/1.21/commons-compress-1.21.jar:/Users/f1xxman/.m2/repository/org/rnorth/duct-tape/duct-tape/1.0.8/duct-tape-1.0.8.jar:/Users/f1xxman/.m2/repository/org/jetbrains/annotations/17.0.0/annotations-17.0.0.jar:/Users/f1xxman/.m2/repository/com/github/docker-java/docker-java-api/3.2.12/docker-java-api-3.2.12.jar:/Users/f1xxman/.m2/repository/com/github/docker-java/docker-java-transport-zerodep/3.2.12/docker-java-transport-zerodep-3.2.12.jar:/Users/f1xxman/.m2/repository/com/github/docker-java/docker-java-transport/3.2.12/docker-java-transport-3.2.12.jar:/Users/f1xxman/.m2/repository/net/java/dev/jna/jna/5.8.0/jna-5.8.0.jar:/Users/f1xxman/.m2/repository/com/fasterxml/jackson/core/jackson-databind/2.13.2.2/jackson-databind-2.13.2.2.jar:/Users/f1xxman/.m2/repository/com/fasterxml/jackson/core/jackson-annotations/2.13.2/jackson-annotations-2.13.2.jar:/Users/f1xxman/.m2/repository/com/fasterxml/jackson/core/jackson-core/2.13.2/jackson-core-2.13.2.jar:/Users/f1xxman/.m2/repository/com/fasterxml/jackson/datatype/jackson-datatype-jsr310/2.13.2/jackson-datatype-jsr310-2.13.2.jar:/Users/f1xxman/.m2/repository/org/junit/jupiter/junit-jupiter/5.8.2/junit-jupiter-5.8.2.jar:/Users/f1xxman/.m2/repository/org/junit/jupiter/junit-jupiter-api/5.8.2/junit-jupiter-api-5.8.2.jar:/Users/f1xxman/.m2/repository/org/opentest4j/opentest4j/1.2.0/opentest4j-1.2.0.jar:/Users/f1xxman/.m2/repository/org/junit/platform/junit-platform-commons/1.8.2/junit-platform-commons-1.8.2.jar:/Users/f1xxman/.m2/repository/org/apiguardian/apiguardian-api/1.1.2/apiguardian-api-1.1.2.jar:/Users/f1xxman/.m2/repository/org/junit/jupiter/junit-jupiter-params/5.8.2/junit-jupiter-params-5.8.2.jar:/Users/f1xxman/.m2/repository/org/junit/jupiter/junit-jupiter-engine/5.8.2/junit-jupiter-engine-5.8.2.jar:/Users/f1xxman/.m2/repository/org/junit/platform/junit-platform-engine/1.8.2/junit-platform-engine-1.8.2.jar:/Users/f1xxman/.m2/repository/org/assertj/assertj-core/3.22.0/assertj-core-3.22.0.jar:/Users/f1xxman/.m2/repository/org/awaitility/awaitility/4.2.0/awaitility-4.2.0.jar:/Users/f1xxman/.m2/repository/org/hamcrest/hamcrest/2.1/hamcrest-2.1.jar:/Users/f1xxman/.m2/repository/org/mockito/mockito-core/2.21.0/mockito-core-2.21.0.jar:/Users/f1xxman/.m2/repository/net/bytebuddy/byte-buddy/1.8.15/byte-buddy-1.8.15.jar:/Users/f1xxman/.m2/repository/net/bytebuddy/byte-buddy-agent/1.8.15/byte-buddy-agent-1.8.15.jar:/Users/f1xxman/.m2/repository/org/objenesis/objenesis/2.6/objenesis-2.6.jar:/Users/f1xxman/.m2/repository/org/mockito/mockito-junit-jupiter/2.21.0/mockito-junit-jupiter-2.21.0.jar:"/>
    <property name="java.vm.vendor" value="BellSoft"/>
    <property name="sun.arch.data.model" value="64"/>
    <property name="java.vendor.url" value="https://bell-sw.com/"/>
    <property name="user.timezone" value=""/>
    <property name="java.vm.specification.version" value="11"/>
    <property name="os.name" value="Mac OS X"/>
    <property name="sun.java.launcher" value="SUN_STANDARD"/>
    <property name="user.country" value="UA"/>
    <property name="sun.boot.library.path" value="/Users/f1xxman/Library/Java/JavaVirtualMachines/liberica-11.0.14.1/lib"/>
    <property name="sun.java.command" value="/Users/f1xxman/Intellias/Documents/Technology Office/SF test utility/statefun-tsukuyomi/statefun-tsukuyomi/target/surefire/surefirebooter5441855921758541283.jar /Users/f1xxman/Intellias/Documents/Technology Office/SF test utility/statefun-tsukuyomi/statefun-tsukuyomi/target/surefire 2022-04-19T16-51-30_668-jvmRun1 surefire17565745729918048682tmp surefire_06951453006828514672tmp"/>
    <property name="http.nonProxyHosts" value="local|*.local|169.254/16|*.169.254/16"/>
    <property name="jdk.debug" value="release"/>
    <property name="surefire.test.class.path" value="/Users/f1xxman/Intellias/Documents/Technology Office/SF test utility/statefun-tsukuyomi/statefun-tsukuyomi/target/test-classes:/Users/f1xxman/Intellias/Documents/Technology Office/SF test utility/statefun-tsukuyomi/statefun-tsukuyomi/target/classes:/Users/f1xxman/.m2/repository/org/projectlombok/lombok/1.18.22/lombok-1.18.22.jar:/Users/f1xxman/.m2/repository/ch/qos/logback/logback-classic/1.2.11/logback-classic-1.2.11.jar:/Users/f1xxman/.m2/repository/ch/qos/logback/logback-core/1.2.11/logback-core-1.2.11.jar:/Users/f1xxman/.m2/repository/org/slf4j/slf4j-api/1.7.32/slf4j-api-1.7.32.jar:/Users/f1xxman/.m2/repository/io/undertow/undertow-core/2.2.16.Final/undertow-core-2.2.16.Final.jar:/Users/f1xxman/.m2/repository/org/jboss/logging/jboss-logging/3.4.1.Final/jboss-logging-3.4.1.Final.jar:/Users/f1xxman/.m2/repository/org/jboss/xnio/xnio-api/3.8.6.Final/xnio-api-3.8.6.Final.jar:/Users/f1xxman/.m2/repository/org/wildfly/common/wildfly-common/1.5.4.Final/wildfly-common-1.5.4.Final.jar:/Users/f1xxman/.m2/repository/org/wildfly/client/wildfly-client-config/1.0.1.Final/wildfly-client-config-1.0.1.Final.jar:/Users/f1xxman/.m2/repository/org/jboss/xnio/xnio-nio/3.8.6.Final/xnio-nio-3.8.6.Final.jar:/Users/f1xxman/.m2/repository/org/jboss/threads/jboss-threads/3.1.0.Final/jboss-threads-3.1.0.Final.jar:/Users/f1xxman/.m2/repository/org/apache/flink/statefun-sdk-java/3.2.0/statefun-sdk-java-3.2.0.jar:/Users/f1xxman/.m2/repository/org/apache/flink/statefun-protocol-shaded/3.2.0/statefun-protocol-shaded-3.2.0.jar:/Users/f1xxman/.m2/repository/org/apache/flink/statefun-sdk-protos/3.2.0/statefun-sdk-protos-3.2.0.jar:/Users/f1xxman/.m2/repository/org/apache/flink/statefun-protobuf-shaded/3.2.0/statefun-protobuf-shaded-3.2.0.jar:/Users/f1xxman/.m2/repository/com/google/auto/service/auto-service-annotations/1.0-rc6/auto-service-annotations-1.0-rc6.jar:/Users/f1xxman/.m2/repository/org/testcontainers/testcontainers/1.16.3/testcontainers-1.16.3.jar:/Users/f1xxman/.m2/repository/junit/junit/4.13.2/junit-4.13.2.jar:/Users/f1xxman/.m2/repository/org/hamcrest/hamcrest-core/1.3/hamcrest-core-1.3.jar:/Users/f1xxman/.m2/repository/org/apache/commons/commons-compress/1.21/commons-compress-1.21.jar:/Users/f1xxman/.m2/repository/org/rnorth/duct-tape/duct-tape/1.0.8/duct-tape-1.0.8.jar:/Users/f1xxman/.m2/repository/org/jetbrains/annotations/17.0.0/annotations-17.0.0.jar:/Users/f1xxman/.m2/repository/com/github/docker-java/docker-java-api/3.2.12/docker-java-api-3.2.12.jar:/Users/f1xxman/.m2/repository/com/github/docker-java/docker-java-transport-zerodep/3.2.12/docker-java-transport-zerodep-3.2.12.jar:/Users/f1xxman/.m2/repository/com/github/docker-java/docker-java-transport/3.2.12/docker-java-transport-3.2.12.jar:/Users/f1xxman/.m2/repository/net/java/dev/jna/jna/5.8.0/jna-5.8.0.jar:/Users/f1xxman/.m2/repository/com/fasterxml/jackson/core/jackson-databind/2.13.2.2/jackson-databind-2.13.2.2.jar:/Users/f1xxman/.m2/repository/com/fasterxml/jackson/core/jackson-annotations/2.13.2/jackson-annotations-2.13.2.jar:/Users/f1xxman/.m2/repository/com/fasterxml/jackson/core/jackson-core/2.13.2/jackson-core-2.13.2.jar:/Users/f1xxman/.m2/repository/com/fasterxml/jackson/datatype/jackson-datatype-jsr310/2.13.2/jackson-datatype-jsr310-2.13.2.jar:/Users/f1xxman/.m2/repository/org/junit/jupiter/junit-jupiter/5.8.2/junit-jupiter-5.8.2.jar:/Users/f1xxman/.m2/repository/org/junit/jupiter/junit-jupiter-api/5.8.2/junit-jupiter-api-5.8.2.jar:/Users/f1xxman/.m2/repository/org/opentest4j/opentest4j/1.2.0/opentest4j-1.2.0.jar:/Users/f1xxman/.m2/repository/org/junit/platform/junit-platform-commons/1.8.2/junit-platform-commons-1.8.2.jar:/Users/f1xxman/.m2/repository/org/apiguardian/apiguardian-api/1.1.2/apiguardian-api-1.1.2.jar:/Users/f1xxman/.m2/repository/org/junit/jupiter/junit-jupiter-params/5.8.2/junit-jupiter-params-5.8.2.jar:/Users/f1xxman/.m2/repository/org/junit/jupiter/junit-jupiter-engine/5.8.2/junit-jupiter-engine-5.8.2.jar:/Users/f1xxman/.m2/repository/org/junit/platform/junit-platform-engine/1.8.2/junit-platform-engine-1.8.2.jar:/Users/f1xxman/.m2/repository/org/assertj/assertj-core/3.22.0/assertj-core-3.22.0.jar:/Users/f1xxman/.m2/repository/org/awaitility/awaitility/4.2.0/awaitility-4.2.0.jar:/Users/f1xxman/.m2/repository/org/hamcrest/hamcrest/2.1/hamcrest-2.1.jar:/Users/f1xxman/.m2/repository/org/mockito/mockito-core/2.21.0/mockito-core-2.21.0.jar:/Users/f1xxman/.m2/repository/net/bytebuddy/byte-buddy/1.8.15/byte-buddy-1.8.15.jar:/Users/f1xxman/.m2/repository/net/bytebuddy/byte-buddy-agent/1.8.15/byte-buddy-agent-1.8.15.jar:/Users/f1xxman/.m2/repository/org/objenesis/objenesis/2.6/objenesis-2.6.jar:/Users/f1xxman/.m2/repository/org/mockito/mockito-junit-jupiter/2.21.0/mockito-junit-jupiter-2.21.0.jar:"/>
    <property name="sun.cpu.endian" value="little"/>
    <property name="user.home" value="/Users/f1xxman"/>
    <property name="user.language" value="en"/>
    <property name="java.specification.vendor" value="Oracle Corporation"/>
    <property name="java.version.date" value="2022-02-08"/>
    <property name="java.home" value="/Users/f1xxman/Library/Java/JavaVirtualMachines/liberica-11.0.14.1"/>
    <property name="file.separator" value="/"/>
    <property name="basedir" value="/Users/f1xxman/Intellias/Documents/Technology Office/SF test utility/statefun-tsukuyomi/statefun-tsukuyomi"/>
    <property name="java.vm.compressedOopsMode" value="Zero based"/>
    <property name="line.separator" value="&#10;"/>
    <property name="java.specification.name" value="Java Platform API Specification"/>
    <property name="java.vm.specification.vendor" value="Oracle Corporation"/>
    <property name="java.awt.graphicsenv" value="sun.awt.CGraphicsEnvironment"/>
    <property name="surefire.real.class.path" value="/Users/f1xxman/Intellias/Documents/Technology Office/SF test utility/statefun-tsukuyomi/statefun-tsukuyomi/target/surefire/surefirebooter5441855921758541283.jar"/>
    <property name="sun.management.compiler" value="HotSpot 64-Bit Tiered Compilers"/>
    <property name="ftp.nonProxyHosts" value="local|*.local|169.254/16|*.169.254/16"/>
    <property name="java.runtime.version" value="11.0.14.1+1-LTS"/>
    <property name="user.name" value="f1xxman"/>
    <property name="path.separator" value=":"/>
    <property name="os.version" value="12.3.1"/>
    <property name="java.runtime.name" value="OpenJDK Runtime Environment"/>
    <property name="file.encoding" value="UTF-8"/>
    <property name="java.vm.name" value="OpenJDK 64-Bit Server VM"/>
    <property name="localRepository" value="/Users/f1xxman/.m2/repository"/>
    <property name="java.vendor.url.bug" value="https://bell-sw.com/support"/>
    <property name="java.io.tmpdir" value="/var/folders/vj/3gwz9zcx6nggq6csn6pkxfp40000gn/T/"/>
    <property name="idea.version" value="2022.1"/>
    <property name="java.version" value="11.0.14.1"/>
    <property name="user.dir" value="/Users/f1xxman/Intellias/Documents/Technology Office/SF test utility/statefun-tsukuyomi/statefun-tsukuyomi"/>
    <property name="os.arch" value="aarch64"/>
    <property name="java.vm.specification.name" value="Java Virtual Machine Specification"/>
    <property name="java.awt.printerjob" value="sun.lwawt.macosx.CPrinterJob"/>
    <property name="sun.os.patch.level" value="unknown"/>
    <property name="java.library.path" value="/Users/f1xxman/Library/Java/Extensions:/Library/Java/Extensions:/Network/Library/Java/Extensions:/System/Library/Java/Extensions:/usr/lib/java:."/>
    <property name="java.vm.info" value="mixed mode"/>
    <property name="java.vendor" value="BellSoft"/>
    <property name="java.vm.version" value="11.0.14.1+1-LTS"/>
    <property name="sun.io.unicode.encoding" value="UnicodeBig"/>
    <property name="java.class.version" value="55.0"/>
    <property name="socksNonProxyHosts" value="local|*.local|169.254/16|*.169.254/16"/>
  </properties>
  <testcase name="exchangesMessages" classname="com.github.f1xman.statefun.tsukuyomi.dsl.BddTsukuyomiTest" time="3.402"/>
</testsuite>